
<--- Last few GCs --->

[18688:0x150008000]    25877 ms: Scavenge 2025.6 (2085.0) -> 2018.9 (2085.5) MB, pooled: 0 MB, 2.62 / 0.00 ms  (average mu = 0.521, current mu = 0.377) allocation failure; 
[18688:0x150008000]    25893 ms: Scavenge 2026.3 (2085.8) -> 2019.8 (2101.8) MB, pooled: 0 MB, 6.04 / 0.00 ms  (average mu = 0.521, current mu = 0.377) allocation failure; 


<--- JS stacktrace --->

FATAL ERROR: Reached heap limit Allocation failed - JavaScript heap out of memory
----- Native stack trace -----

 1: 0x1003330b8 node::OOMErrorHandler(char const*, v8::OOMDetails const&) [/Users/anthonybocca/.nvm/versions/node/v22.19.0/bin/node]
 2: 0x10050eb70 v8::internal::V8::FatalProcessOutOfMemory(v8::internal::Isolate*, char const*, v8::OOMDetails const&) [/Users/anthonybocca/.nvm/versions/node/v22.19.0/bin/node]
 3: 0x10071e298 v8::internal::Heap::stack() [/Users/anthonybocca/.nvm/versions/node/v22.19.0/bin/node]
 4: 0x10071c638 v8::internal::Heap::CollectGarbage(v8::internal::AllocationSpace, v8::internal::GarbageCollectionReason, v8::GCCallbackFlags) [/Users/anthonybocca/.nvm/versions/node/v22.19.0/bin/node]
 5: 0x100710c20 v8::internal::HeapAllocator::AllocateRawWithLightRetrySlowPath(int, v8::internal::AllocationType, v8::internal::AllocationOrigin, v8::internal::AllocationAlignment) [/Users/anthonybocca/.nvm/versions/node/v22.19.0/bin/node]
 6: 0x100711458 v8::internal::HeapAllocator::AllocateRawWithRetryOrFailSlowPath(int, v8::internal::AllocationType, v8::internal::AllocationOrigin, v8::internal::AllocationAlignment) [/Users/anthonybocca/.nvm/versions/node/v22.19.0/bin/node]
 7: 0x1006f4778 v8::internal::Factory::NewFillerObject(int, v8::internal::AllocationAlignment, v8::internal::AllocationType, v8::internal::AllocationOrigin) [/Users/anthonybocca/.nvm/versions/node/v22.19.0/bin/node]
 8: 0x100b10228 v8::internal::Runtime_AllocateInYoungGeneration(int, unsigned long*, v8::internal::Isolate*) [/Users/anthonybocca/.nvm/versions/node/v22.19.0/bin/node]
 9: 0x100fd1af4 Builtins_CEntry_Return1_ArgvOnStack_NoBuiltinExit [/Users/anthonybocca/.nvm/versions/node/v22.19.0/bin/node]
10: 0x100f77aa4 Builtins_ArrayIteratorPrototypeNext [/Users/anthonybocca/.nvm/versions/node/v22.19.0/bin/node]
11: 0x1076a18b8 
12: 0x1073dc174 
13: 0x106de3864 
14: 0x10776b16c 
15: 0x10739d4d0 
16: 0x10771e828 
17: 0x1076e6d34 
18: 0x106f61f50 
19: 0x107696f74 
20: 0x1078a42b4 
21: 0x1076ea160 
22: 0x106db8754 
23: 0x106f61058 
24: 0x1073b4a2c 
25: 0x107518744 
26: 0x10731eb3c 
27: 0x1073e999c 
28: 0x10741dd00 
29: 0x1073e9b44 
30: 0x1078a46c8 
31: 0x1076ea160 
32: 0x106db8754 
33: 0x10730c458 
34: 0x10730d8ac 
35: 0x10730db38 
36: 0x107339a18 
37: 0x10730dc7c 
38: 0x1076fa174 
39: 0x10763b7c4 
40: 0x1070b44ec 
41: 0x100f3cef0 Builtins_InterpreterEntryTrampoline [/Users/anthonybocca/.nvm/versions/node/v22.19.0/bin/node]
42: 0x100f3cef0 Builtins_InterpreterEntryTrampoline [/Users/anthonybocca/.nvm/versions/node/v22.19.0/bin/node]
43: 0x100f3cef0 Builtins_InterpreterEntryTrampoline [/Users/anthonybocca/.nvm/versions/node/v22.19.0/bin/node]
44: 0x100f3cef0 Builtins_InterpreterEntryTrampoline [/Users/anthonybocca/.nvm/versions/node/v22.19.0/bin/node]
45: 0x100f3cef0 Builtins_InterpreterEntryTrampoline [/Users/anthonybocca/.nvm/versions/node/v22.19.0/bin/node]
46: 0x100f3cef0 Builtins_InterpreterEntryTrampoline [/Users/anthonybocca/.nvm/versions/node/v22.19.0/bin/node]
47: 0x100f3cef0 Builtins_InterpreterEntryTrampoline [/Users/anthonybocca/.nvm/versions/node/v22.19.0/bin/node]
48: 0x100f3cef0 Builtins_InterpreterEntryTrampoline [/Users/anthonybocca/.nvm/versions/node/v22.19.0/bin/node]
49: 0x100f3cef0 Builtins_InterpreterEntryTrampoline [/Users/anthonybocca/.nvm/versions/node/v22.19.0/bin/node]
50: 0x100f3cef0 Builtins_InterpreterEntryTrampoline [/Users/anthonybocca/.nvm/versions/node/v22.19.0/bin/node]
51: 0x100f3cef0 Builtins_InterpreterEntryTrampoline [/Users/anthonybocca/.nvm/versions/node/v22.19.0/bin/node]
52: 0x100f3cef0 Builtins_InterpreterEntryTrampoline [/Users/anthonybocca/.nvm/versions/node/v22.19.0/bin/node]
53: 0x100f3cef0 Builtins_InterpreterEntryTrampoline [/Users/anthonybocca/.nvm/versions/node/v22.19.0/bin/node]
54: 0x100f3cef0 Builtins_InterpreterEntryTrampoline [/Users/anthonybocca/.nvm/versions/node/v22.19.0/bin/node]
55: 0x100f3cef0 Builtins_InterpreterEntryTrampoline [/Users/anthonybocca/.nvm/versions/node/v22.19.0/bin/node]
56: 0x100f3cef0 Builtins_InterpreterEntryTrampoline [/Users/anthonybocca/.nvm/versions/node/v22.19.0/bin/node]
57: 0x100f3cef0 Builtins_InterpreterEntryTrampoline [/Users/anthonybocca/.nvm/versions/node/v22.19.0/bin/node]
58: 0x100f3cef0 Builtins_InterpreterEntryTrampoline [/Users/anthonybocca/.nvm/versions/node/v22.19.0/bin/node]
59: 0x100f3cef0 Builtins_InterpreterEntryTrampoline [/Users/anthonybocca/.nvm/versions/node/v22.19.0/bin/node]
60: 0x100f3cef0 Builtins_InterpreterEntryTrampoline [/Users/anthonybocca/.nvm/versions/node/v22.19.0/bin/node]
61: 0x100f3cef0 Builtins_InterpreterEntryTrampoline [/Users/anthonybocca/.nvm/versions/node/v22.19.0/bin/node]
62: 0x100f3cef0 Builtins_InterpreterEntryTrampoline [/Users/anthonybocca/.nvm/versions/node/v22.19.0/bin/node]
63: 0x100f3cef0 Builtins_InterpreterEntryTrampoline [/Users/anthonybocca/.nvm/versions/node/v22.19.0/bin/node]
64: 0x100f3cef0 Builtins_InterpreterEntryTrampoline [/Users/anthonybocca/.nvm/versions/node/v22.19.0/bin/node]
65: 0x100f3cef0 Builtins_InterpreterEntryTrampoline [/Users/anthonybocca/.nvm/versions/node/v22.19.0/bin/node]
66: 0x100f3cef0 Builtins_InterpreterEntryTrampoline [/Users/anthonybocca/.nvm/versions/node/v22.19.0/bin/node]
67: 0x100f3cef0 Builtins_InterpreterEntryTrampoline [/Users/anthonybocca/.nvm/versions/node/v22.19.0/bin/node]
68: 0x100f3cef0 Builtins_InterpreterEntryTrampoline [/Users/anthonybocca/.nvm/versions/node/v22.19.0/bin/node]
69: 0x100f3cef0 Builtins_InterpreterEntryTrampoline [/Users/anthonybocca/.nvm/versions/node/v22.19.0/bin/node]
70: 0x100f3cef0 Builtins_InterpreterEntryTrampoline [/Users/anthonybocca/.nvm/versions/node/v22.19.0/bin/node]
71: 0x100f3cef0 Builtins_InterpreterEntryTrampoline [/Users/anthonybocca/.nvm/versions/node/v22.19.0/bin/node]
72: 0x100f3cef0 Builtins_InterpreterEntryTrampoline [/Users/anthonybocca/.nvm/versions/node/v22.19.0/bin/node]
73: 0x100f3cef0 Builtins_InterpreterEntryTrampoline [/Users/anthonybocca/.nvm/versions/node/v22.19.0/bin/node]
74: 0x100f3ac0c Builtins_JSEntryTrampoline [/Users/anthonybocca/.nvm/versions/node/v22.19.0/bin/node]
75: 0x100f3a8f4 Builtins_JSEntry [/Users/anthonybocca/.nvm/versions/node/v22.19.0/bin/node]
76: 0x100676194 v8::internal::(anonymous namespace)::Invoke(v8::internal::Isolate*, v8::internal::(anonymous namespace)::InvokeParams const&) [/Users/anthonybocca/.nvm/versions/node/v22.19.0/bin/node]
77: 0x100675af0 v8::internal::Execution::Call(v8::internal::Isolate*, v8::internal::Handle<v8::internal::Object>, v8::internal::Handle<v8::internal::Object>, int, v8::internal::Handle<v8::internal::Object>*) [/Users/anthonybocca/.nvm/versions/node/v22.19.0/bin/node]
78: 0x1005250dc v8::Function::Call(v8::Local<v8::Context>, v8::Local<v8::Value>, int, v8::Local<v8::Value>*) [/Users/anthonybocca/.nvm/versions/node/v22.19.0/bin/node]
79: 0x10030d058 node::builtins::BuiltinLoader::CompileAndCall(v8::Local<v8::Context>, char const*, node::Realm*) [/Users/anthonybocca/.nvm/versions/node/v22.19.0/bin/node]
80: 0x1003c5b00 node::Realm::ExecuteBootstrapper(char const*) [/Users/anthonybocca/.nvm/versions/node/v22.19.0/bin/node]
81: 0x1002eabac node::StartExecution(node::Environment*, char const*) [/Users/anthonybocca/.nvm/versions/node/v22.19.0/bin/node]
82: 0x1002eab00 node::StartExecution(node::Environment*, std::__1::function<v8::MaybeLocal<v8::Value> (node::StartExecutionCallbackInfo const&)>) [/Users/anthonybocca/.nvm/versions/node/v22.19.0/bin/node]
83: 0x1002363b8 node::LoadEnvironment(node::Environment*, std::__1::function<v8::MaybeLocal<v8::Value> (node::StartExecutionCallbackInfo const&)>, std::__1::function<void (node::Environment*, v8::Local<v8::Value>, v8::Local<v8::Value>)>) [/Users/anthonybocca/.nvm/versions/node/v22.19.0/bin/node]
84: 0x10037ddcc node::NodeMainInstance::Run() [/Users/anthonybocca/.nvm/versions/node/v22.19.0/bin/node]
85: 0x1002edfc0 node::Start(int, char**) [/Users/anthonybocca/.nvm/versions/node/v22.19.0/bin/node]
86: 0x19e9cffd8 start [/usr/lib/dyld]
